2020-01-21 00:53:04 startup archives install
2020-01-21 00:53:04 install base-passwd:armhf <none> 3.5.43
2020-01-21 00:53:04 status half-installed base-passwd:armhf 3.5.43
2020-01-21 00:53:04 status unpacked base-passwd:armhf 3.5.43
2020-01-21 00:53:04 status unpacked base-passwd:armhf 3.5.43
2020-01-21 00:53:04 configure base-passwd:armhf 3.5.43 3.5.43
2020-01-21 00:53:04 status unpacked base-passwd:armhf 3.5.43
2020-01-21 00:53:04 status half-configured base-passwd:armhf 3.5.43
2020-01-21 00:53:05 status installed base-passwd:armhf 3.5.43
2020-01-21 00:53:05 startup archives install
2020-01-21 00:53:05 install base-files:armhf <none> 9.9+deb9u11
2020-01-21 00:53:05 status half-installed base-files:armhf 9.9+deb9u11
2020-01-21 00:53:05 status unpacked base-files:armhf 9.9+deb9u11
2020-01-21 00:53:05 status unpacked base-files:armhf 9.9+deb9u11
2020-01-21 00:53:06 configure base-files:armhf 9.9+deb9u11 9.9+deb9u11
2020-01-21 00:53:06 status unpacked base-files:armhf 9.9+deb9u11
2020-01-21 00:53:06 status unpacked base-files:armhf 9.9+deb9u11
2020-01-21 00:53:06 status unpacked base-files:armhf 9.9+deb9u11
2020-01-21 00:53:06 status unpacked base-files:armhf 9.9+deb9u11
2020-01-21 00:53:06 status unpacked base-files:armhf 9.9+deb9u11
2020-01-21 00:53:06 status unpacked base-files:armhf 9.9+deb9u11
2020-01-21 00:53:06 status unpacked base-files:armhf 9.9+deb9u11
2020-01-21 00:53:06 status half-configured base-files:armhf 9.9+deb9u11
2020-01-21 00:53:07 status installed base-files:armhf 9.9+deb9u11
2020-01-21 00:53:07 startup archives install
2020-01-21 00:53:08 upgrade dpkg 1.18.25 1.18.25
2020-01-21 00:53:08 status half-configured dpkg 1.18.25
2020-01-21 00:53:08 status unpacked dpkg 1.18.25
2020-01-21 00:53:08 status half-installed dpkg 1.18.25
2020-01-21 00:53:08 status half-installed dpkg 1.18.25
2020-01-21 00:53:08 status unpacked dpkg:armhf 1.18.25
2020-01-21 00:53:08 status unpacked dpkg:armhf 1.18.25
2020-01-21 00:53:08 configure dpkg:armhf 1.18.25 1.18.25
2020-01-21 00:53:08 status unpacked dpkg:armhf 1.18.25
2020-01-21 00:53:08 status unpacked dpkg:armhf 1.18.25
2020-01-21 00:53:08 status unpacked dpkg:armhf 1.18.25
2020-01-21 00:53:08 status unpacked dpkg:armhf 1.18.25
2020-01-21 00:53:08 status unpacked dpkg:armhf 1.18.25
2020-01-21 00:53:08 status half-configured dpkg:armhf 1.18.25
2020-01-21 00:53:09 status installed dpkg:armhf 1.18.25
2020-01-21 00:53:09 startup archives install
2020-01-21 00:53:09 install libc6:armhf <none> 2.24-11+deb9u4
2020-01-21 00:53:09 status half-installed libc6:armhf 2.24-11+deb9u4
2020-01-21 00:53:11 status unpacked libc6:armhf 2.24-11+deb9u4
2020-01-21 00:53:11 status unpacked libc6:armhf 2.24-11+deb9u4
2020-01-21 00:53:11 configure libc6:armhf 2.24-11+deb9u4 2.24-11+deb9u4
2020-01-21 00:53:11 status unpacked libc6:armhf 2.24-11+deb9u4
2020-01-21 00:53:11 status unpacked libc6:armhf 2.24-11+deb9u4
2020-01-21 00:53:11 status half-configured libc6:armhf 2.24-11+deb9u4
2020-01-21 00:53:12 status installed libc6:armhf 2.24-11+deb9u4
2020-01-21 00:53:12 startup archives install
2020-01-21 00:53:12 install perl-base:armhf <none> 5.24.1-3+deb9u5
2020-01-21 00:53:12 status half-installed perl-base:armhf 5.24.1-3+deb9u5
2020-01-21 00:53:12 status unpacked perl-base:armhf 5.24.1-3+deb9u5
2020-01-21 00:53:12 status unpacked perl-base:armhf 5.24.1-3+deb9u5
2020-01-21 00:53:13 configure perl-base:armhf 5.24.1-3+deb9u5 5.24.1-3+deb9u5
2020-01-21 00:53:13 status unpacked perl-base:armhf 5.24.1-3+deb9u5
2020-01-21 00:53:13 status half-configured perl-base:armhf 5.24.1-3+deb9u5
2020-01-21 00:53:13 status installed perl-base:armhf 5.24.1-3+deb9u5
2020-01-21 00:53:13 startup archives install
2020-01-21 00:53:13 install mawk:armhf <none> 1.3.3-17+b3
2020-01-21 00:53:13 status half-installed mawk:armhf 1.3.3-17+b3
2020-01-21 00:53:13 status unpacked mawk:armhf 1.3.3-17+b3
2020-01-21 00:53:13 status unpacked mawk:armhf 1.3.3-17+b3
2020-01-21 00:53:13 configure mawk:armhf 1.3.3-17+b3 1.3.3-17+b3
2020-01-21 00:53:13 status unpacked mawk:armhf 1.3.3-17+b3
2020-01-21 00:53:13 status half-configured mawk:armhf 1.3.3-17+b3
2020-01-21 00:53:13 status installed mawk:armhf 1.3.3-17+b3
2020-01-21 00:53:14 startup archives unpack
2020-01-21 00:53:14 install libacl1:armhf <none> 2.2.52-3+b1
2020-01-21 00:53:14 status half-installed libacl1:armhf 2.2.52-3+b1
2020-01-21 00:53:14 status unpacked libacl1:armhf 2.2.52-3+b1
2020-01-21 00:53:14 status unpacked libacl1:armhf 2.2.52-3+b1
2020-01-21 00:53:14 install libattr1:armhf <none> 1:2.4.47-2+b2
2020-01-21 00:53:14 status half-installed libattr1:armhf 1:2.4.47-2+b2
2020-01-21 00:53:15 status unpacked libattr1:armhf 1:2.4.47-2+b2
2020-01-21 00:53:15 status unpacked libattr1:armhf 1:2.4.47-2+b2
2020-01-21 00:53:15 install libaudit-common:all <none> 1:2.6.7-2
2020-01-21 00:53:15 status half-installed libaudit-common:all 1:2.6.7-2
2020-01-21 00:53:15 status unpacked libaudit-common:all 1:2.6.7-2
2020-01-21 00:53:16 status unpacked libaudit-common:all 1:2.6.7-2
2020-01-21 00:53:16 install libaudit1:armhf <none> 1:2.6.7-2
2020-01-21 00:53:16 status half-installed libaudit1:armhf 1:2.6.7-2
2020-01-21 00:53:16 status unpacked libaudit1:armhf 1:2.6.7-2
2020-01-21 00:53:16 status unpacked libaudit1:armhf 1:2.6.7-2
2020-01-21 00:53:16 upgrade base-files:armhf 9.9+deb9u11 9.9+deb9u11
2020-01-21 00:53:16 status half-configured base-files:armhf 9.9+deb9u11
2020-01-21 00:53:16 status unpacked base-files:armhf 9.9+deb9u11
2020-01-21 00:53:16 status half-installed base-files:armhf 9.9+deb9u11
2020-01-21 00:53:17 status half-installed base-files:armhf 9.9+deb9u11
2020-01-21 00:53:17 status unpacked base-files:armhf 9.9+deb9u11
2020-01-21 00:53:17 status unpacked base-files:armhf 9.9+deb9u11
2020-01-21 00:53:17 upgrade base-passwd:armhf 3.5.43 3.5.43
2020-01-21 00:53:17 status half-configured base-passwd:armhf 3.5.43
2020-01-21 00:53:17 status unpacked base-passwd:armhf 3.5.43
2020-01-21 00:53:17 status half-installed base-passwd:armhf 3.5.43
2020-01-21 00:53:17 status half-installed base-passwd:armhf 3.5.43
2020-01-21 00:53:17 status unpacked base-passwd:armhf 3.5.43
2020-01-21 00:53:18 status unpacked base-passwd:armhf 3.5.43
2020-01-21 00:53:18 install bash:armhf <none> 4.4-5
2020-01-21 00:53:18 status half-installed bash:armhf 4.4-5
2020-01-21 00:53:18 status unpacked bash:armhf 4.4-5
2020-01-21 00:53:19 status unpacked bash:armhf 4.4-5
2020-01-21 00:53:19 install libbz2-1.0:armhf <none> 1.0.6-8.1
2020-01-21 00:53:19 status half-installed libbz2-1.0:armhf 1.0.6-8.1
2020-01-21 00:53:19 status unpacked libbz2-1.0:armhf 1.0.6-8.1
2020-01-21 00:53:19 status unpacked libbz2-1.0:armhf 1.0.6-8.1
2020-01-21 00:53:19 install libdebconfclient0:armhf <none> 0.227
2020-01-21 00:53:19 status half-installed libdebconfclient0:armhf 0.227
2020-01-21 00:53:20 status unpacked libdebconfclient0:armhf 0.227
2020-01-21 00:53:20 status unpacked libdebconfclient0:armhf 0.227
2020-01-21 00:53:20 install coreutils:armhf <none> 8.26-3
2020-01-21 00:53:20 status half-installed coreutils:armhf 8.26-3
2020-01-21 00:53:20 status unpacked coreutils:armhf 8.26-3
2020-01-21 00:53:20 status unpacked coreutils:armhf 8.26-3
2020-01-21 00:53:21 install dash:armhf <none> 0.5.8-2.4
2020-01-21 00:53:21 status half-installed dash:armhf 0.5.8-2.4
2020-01-21 00:53:22 status unpacked dash:armhf 0.5.8-2.4
2020-01-21 00:53:22 status unpacked dash:armhf 0.5.8-2.4
2020-01-21 00:53:22 install libdb5.3:armhf <none> 5.3.28-12+deb9u1
2020-01-21 00:53:22 status half-installed libdb5.3:armhf 5.3.28-12+deb9u1
2020-01-21 00:53:22 status unpacked libdb5.3:armhf 5.3.28-12+deb9u1
2020-01-21 00:53:22 status unpacked libdb5.3:armhf 5.3.28-12+deb9u1
2020-01-21 00:53:23 install debconf:all <none> 1.5.61
2020-01-21 00:53:23 status half-installed debconf:all 1.5.61
2020-01-21 00:53:24 status unpacked debconf:all 1.5.61
2020-01-21 00:53:24 status unpacked debconf:all 1.5.61
2020-01-21 00:53:24 install debianutils:armhf <none> 4.8.1.1
2020-01-21 00:53:24 status half-installed debianutils:armhf 4.8.1.1
2020-01-21 00:53:25 status unpacked debianutils:armhf 4.8.1.1
2020-01-21 00:53:25 status unpacked debianutils:armhf 4.8.1.1
2020-01-21 00:53:25 install diffutils:armhf <none> 1:3.5-3
2020-01-21 00:53:25 status half-installed diffutils:armhf 1:3.5-3
2020-01-21 00:53:25 status unpacked diffutils:armhf 1:3.5-3
2020-01-21 00:53:25 status unpacked diffutils:armhf 1:3.5-3
2020-01-21 00:53:25 upgrade dpkg:armhf 1.18.25 1.18.25
2020-01-21 00:53:25 status half-configured dpkg:armhf 1.18.25
2020-01-21 00:53:26 status unpacked dpkg:armhf 1.18.25
2020-01-21 00:53:26 status half-installed dpkg:armhf 1.18.25
2020-01-21 00:53:26 status half-installed dpkg:armhf 1.18.25
2020-01-21 00:53:27 status unpacked dpkg:armhf 1.18.25
2020-01-21 00:53:27 status unpacked dpkg:armhf 1.18.25
2020-01-21 00:53:27 install e2fslibs:armhf <none> 1.43.4-2
2020-01-21 00:53:27 status half-installed e2fslibs:armhf 1.43.4-2
2020-01-21 00:53:28 status unpacked e2fslibs:armhf 1.43.4-2
2020-01-21 00:53:28 status unpacked e2fslibs:armhf 1.43.4-2
2020-01-21 00:53:29 install e2fsprogs:armhf <none> 1.43.4-2
2020-01-21 00:53:29 status half-installed e2fsprogs:armhf 1.43.4-2
2020-01-21 00:53:29 status unpacked e2fsprogs:armhf 1.43.4-2
2020-01-21 00:53:29 status unpacked e2fsprogs:armhf 1.43.4-2
2020-01-21 00:53:30 install libcomerr2:armhf <none> 1.43.4-2
2020-01-21 00:53:30 status half-installed libcomerr2:armhf 1.43.4-2
2020-01-21 00:53:30 status unpacked libcomerr2:armhf 1.43.4-2
2020-01-21 00:53:30 status unpacked libcomerr2:armhf 1.43.4-2
2020-01-21 00:53:30 install libss2:armhf <none> 1.43.4-2
2020-01-21 00:53:30 status half-installed libss2:armhf 1.43.4-2
2020-01-21 00:53:30 status unpacked libss2:armhf 1.43.4-2
2020-01-21 00:53:31 status unpacked libss2:armhf 1.43.4-2
2020-01-21 00:53:31 install findutils:armhf <none> 4.6.0+git+20161106-2
2020-01-21 00:53:31 status half-installed findutils:armhf 4.6.0+git+20161106-2
2020-01-21 00:53:32 status unpacked findutils:armhf 4.6.0+git+20161106-2
2020-01-21 00:53:32 status unpacked findutils:armhf 4.6.0+git+20161106-2
2020-01-21 00:53:32 install gcc-6-base:armhf <none> 6.3.0-18+deb9u1
2020-01-21 00:53:32 status half-installed gcc-6-base:armhf 6.3.0-18+deb9u1
2020-01-21 00:53:33 status unpacked gcc-6-base:armhf 6.3.0-18+deb9u1
2020-01-21 00:53:33 status unpacked gcc-6-base:armhf 6.3.0-18+deb9u1
2020-01-21 00:53:33 install libgcc1:armhf <none> 1:6.3.0-18+deb9u1
2020-01-21 00:53:33 status half-installed libgcc1:armhf 1:6.3.0-18+deb9u1
2020-01-21 00:53:34 status unpacked libgcc1:armhf 1:6.3.0-18+deb9u1
2020-01-21 00:53:34 status unpacked libgcc1:armhf 1:6.3.0-18+deb9u1
2020-01-21 00:53:34 install libc-bin:armhf <none> 2.24-11+deb9u4
2020-01-21 00:53:34 status half-installed libc-bin:armhf 2.24-11+deb9u4
2020-01-21 00:53:35 status unpacked libc-bin:armhf 2.24-11+deb9u4
2020-01-21 00:53:35 status unpacked libc-bin:armhf 2.24-11+deb9u4
2020-01-21 00:53:37 upgrade libc6:armhf 2.24-11+deb9u4 2.24-11+deb9u4
2020-01-21 00:53:37 status half-configured libc6:armhf 2.24-11+deb9u4
2020-01-21 00:53:37 status unpacked libc6:armhf 2.24-11+deb9u4
2020-01-21 00:53:37 status half-installed libc6:armhf 2.24-11+deb9u4
2020-01-21 00:53:39 status half-installed libc6:armhf 2.24-11+deb9u4
2020-01-21 00:53:40 status unpacked libc6:armhf 2.24-11+deb9u4
2020-01-21 00:53:40 status unpacked libc6:armhf 2.24-11+deb9u4
2020-01-21 00:53:40 install multiarch-support:armhf <none> 2.24-11+deb9u4
2020-01-21 00:53:40 status half-installed multiarch-support:armhf 2.24-11+deb9u4
2020-01-21 00:53:40 status unpacked multiarch-support:armhf 2.24-11+deb9u4
2020-01-21 00:53:40 status unpacked multiarch-support:armhf 2.24-11+deb9u4
2020-01-21 00:53:41 install grep:armhf <none> 2.27-2
2020-01-21 00:53:41 status half-installed grep:armhf 2.27-2
2020-01-21 00:53:41 status unpacked grep:armhf 2.27-2
2020-01-21 00:53:41 status unpacked grep:armhf 2.27-2
2020-01-21 00:53:42 install gzip:armhf <none> 1.6-5+b1
2020-01-21 00:53:42 status half-installed gzip:armhf 1.6-5+b1
2020-01-21 00:53:42 status unpacked gzip:armhf 1.6-5+b1
2020-01-21 00:53:42 status unpacked gzip:armhf 1.6-5+b1
2020-01-21 00:53:43 install hostname:armhf <none> 3.18+b1
2020-01-21 00:53:43 status half-installed hostname:armhf 3.18+b1
2020-01-21 00:53:43 status unpacked hostname:armhf 3.18+b1
2020-01-21 00:53:43 status unpacked hostname:armhf 3.18+b1
2020-01-21 00:53:44 install init-system-helpers:all <none> 1.48
2020-01-21 00:53:44 status half-installed init-system-helpers:all 1.48
2020-01-21 00:53:44 status unpacked init-system-helpers:all 1.48
2020-01-21 00:53:44 status unpacked init-system-helpers:all 1.48
2020-01-21 00:53:45 install libcap-ng0:armhf <none> 0.7.7-3+b1
2020-01-21 00:53:45 status half-installed libcap-ng0:armhf 0.7.7-3+b1
2020-01-21 00:53:45 status unpacked libcap-ng0:armhf 0.7.7-3+b1
2020-01-21 00:53:45 status unpacked libcap-ng0:armhf 0.7.7-3+b1
2020-01-21 00:53:46 install libgcrypt20:armhf <none> 1.7.6-2+deb9u3
2020-01-21 00:53:46 status half-installed libgcrypt20:armhf 1.7.6-2+deb9u3
2020-01-21 00:53:46 status unpacked libgcrypt20:armhf 1.7.6-2+deb9u3
2020-01-21 00:53:46 status unpacked libgcrypt20:armhf 1.7.6-2+deb9u3
2020-01-21 00:53:47 install libgpg-error0:armhf <none> 1.26-2
2020-01-21 00:53:47 status half-installed libgpg-error0:armhf 1.26-2
2020-01-21 00:53:47 status unpacked libgpg-error0:armhf 1.26-2
2020-01-21 00:53:47 status unpacked libgpg-error0:armhf 1.26-2
2020-01-21 00:53:48 install libselinux1:armhf <none> 2.6-3+b3
2020-01-21 00:53:48 status half-installed libselinux1:armhf 2.6-3+b3
2020-01-21 00:53:48 status unpacked libselinux1:armhf 2.6-3+b3
2020-01-21 00:53:48 status unpacked libselinux1:armhf 2.6-3+b3
2020-01-21 00:53:49 install libsemanage-common:all <none> 2.6-2
2020-01-21 00:53:49 status half-installed libsemanage-common:all 2.6-2
2020-01-21 00:53:49 status unpacked libsemanage-common:all 2.6-2
2020-01-21 00:53:49 status unpacked libsemanage-common:all 2.6-2
2020-01-21 00:53:50 install libsemanage1:armhf <none> 2.6-2
2020-01-21 00:53:50 status half-installed libsemanage1:armhf 2.6-2
2020-01-21 00:53:50 status unpacked libsemanage1:armhf 2.6-2
2020-01-21 00:53:50 status unpacked libsemanage1:armhf 2.6-2
2020-01-21 00:53:51 install libsepol1:armhf <none> 2.6-2
2020-01-21 00:53:51 status half-installed libsepol1:armhf 2.6-2
2020-01-21 00:53:51 status unpacked libsepol1:armhf 2.6-2
2020-01-21 00:53:51 status unpacked libsepol1:armhf 2.6-2
2020-01-21 00:53:51 install lsb-base:all <none> 9.20161125
2020-01-21 00:53:51 status half-installed lsb-base:all 9.20161125
2020-01-21 00:53:52 status unpacked lsb-base:all 9.20161125
2020-01-21 00:53:52 status unpacked lsb-base:all 9.20161125
2020-01-21 00:53:52 install liblz4-1:armhf <none> 0.0~r131-2+b1
2020-01-21 00:53:52 status half-installed liblz4-1:armhf 0.0~r131-2+b1
2020-01-21 00:53:53 status unpacked liblz4-1:armhf 0.0~r131-2+b1
2020-01-21 00:53:53 status unpacked liblz4-1:armhf 0.0~r131-2+b1
2020-01-21 00:53:53 upgrade mawk:armhf 1.3.3-17+b3 1.3.3-17+b3
2020-01-21 00:53:53 status half-configured mawk:armhf 1.3.3-17+b3
2020-01-21 00:53:54 status unpacked mawk:armhf 1.3.3-17+b3
2020-01-21 00:53:54 status half-installed mawk:armhf 1.3.3-17+b3
2020-01-21 00:53:54 status half-installed mawk:armhf 1.3.3-17+b3
2020-01-21 00:53:54 status unpacked mawk:armhf 1.3.3-17+b3
2020-01-21 00:53:54 status unpacked mawk:armhf 1.3.3-17+b3
2020-01-21 00:53:55 install libncursesw5:armhf <none> 6.0+20161126-1+deb9u2
2020-01-21 00:53:55 status half-installed libncursesw5:armhf 6.0+20161126-1+deb9u2
2020-01-21 00:53:55 status unpacked libncursesw5:armhf 6.0+20161126-1+deb9u2
2020-01-21 00:53:55 status unpacked libncursesw5:armhf 6.0+20161126-1+deb9u2
2020-01-21 00:53:56 install libtinfo5:armhf <none> 6.0+20161126-1+deb9u2
2020-01-21 00:53:56 status half-installed libtinfo5:armhf 6.0+20161126-1+deb9u2
2020-01-21 00:53:56 status unpacked libtinfo5:armhf 6.0+20161126-1+deb9u2
2020-01-21 00:53:56 status unpacked libtinfo5:armhf 6.0+20161126-1+deb9u2
2020-01-21 00:53:57 install ncurses-base:all <none> 6.0+20161126-1+deb9u2
2020-01-21 00:53:57 status half-installed ncurses-base:all 6.0+20161126-1+deb9u2
2020-01-21 00:53:58 status unpacked ncurses-base:all 6.0+20161126-1+deb9u2
2020-01-21 00:53:58 status unpacked ncurses-base:all 6.0+20161126-1+deb9u2
2020-01-21 00:53:58 install ncurses-bin:armhf <none> 6.0+20161126-1+deb9u2
2020-01-21 00:53:58 status half-installed ncurses-bin:armhf 6.0+20161126-1+deb9u2
2020-01-21 00:53:59 status unpacked ncurses-bin:armhf 6.0+20161126-1+deb9u2
2020-01-21 00:53:59 status unpacked ncurses-bin:armhf 6.0+20161126-1+deb9u2
2020-01-21 00:54:00 install libpam-modules:armhf <none> 1.1.8-3.6
2020-01-21 00:54:00 status half-installed libpam-modules:armhf 1.1.8-3.6
2020-01-21 00:54:01 status unpacked libpam-modules:armhf 1.1.8-3.6
2020-01-21 00:54:01 status unpacked libpam-modules:armhf 1.1.8-3.6
2020-01-21 00:54:01 install libpam-modules-bin:armhf <none> 1.1.8-3.6
2020-01-21 00:54:01 status half-installed libpam-modules-bin:armhf 1.1.8-3.6
2020-01-21 00:54:02 status unpacked libpam-modules-bin:armhf 1.1.8-3.6
2020-01-21 00:54:02 status unpacked libpam-modules-bin:armhf 1.1.8-3.6
2020-01-21 00:54:03 install libpam-runtime:all <none> 1.1.8-3.6
2020-01-21 00:54:03 status half-installed libpam-runtime:all 1.1.8-3.6
2020-01-21 00:54:03 status unpacked libpam-runtime:all 1.1.8-3.6
2020-01-21 00:54:03 status unpacked libpam-runtime:all 1.1.8-3.6
2020-01-21 00:54:04 install libpam0g:armhf <none> 1.1.8-3.6
2020-01-21 00:54:04 status half-installed libpam0g:armhf 1.1.8-3.6
2020-01-21 00:54:04 status unpacked libpam0g:armhf 1.1.8-3.6
2020-01-21 00:54:04 status unpacked libpam0g:armhf 1.1.8-3.6
2020-01-21 00:54:05 install libpcre3:armhf <none> 2:8.39-3
2020-01-21 00:54:05 status half-installed libpcre3:armhf 2:8.39-3
2020-01-21 00:54:05 status unpacked libpcre3:armhf 2:8.39-3
2020-01-21 00:54:06 status unpacked libpcre3:armhf 2:8.39-3
2020-01-21 00:54:06 upgrade perl-base:armhf 5.24.1-3+deb9u5 5.24.1-3+deb9u5
2020-01-21 00:54:06 status half-configured perl-base:armhf 5.24.1-3+deb9u5
2020-01-21 00:54:06 status unpacked perl-base:armhf 5.24.1-3+deb9u5
2020-01-21 00:54:06 status half-installed perl-base:armhf 5.24.1-3+deb9u5
2020-01-21 00:54:08 status half-installed perl-base:armhf 5.24.1-3+deb9u5
2020-01-21 00:54:08 status unpacked perl-base:armhf 5.24.1-3+deb9u5
2020-01-21 00:54:08 status unpacked perl-base:armhf 5.24.1-3+deb9u5
2020-01-21 00:54:08 install sed:armhf <none> 4.4-1
2020-01-21 00:54:08 status half-installed sed:armhf 4.4-1
2020-01-21 00:54:09 status unpacked sed:armhf 4.4-1
2020-01-21 00:54:09 status unpacked sed:armhf 4.4-1
2020-01-21 00:54:10 install sensible-utils:all <none> 0.0.9+deb9u1
2020-01-21 00:54:10 status half-installed sensible-utils:all 0.0.9+deb9u1
2020-01-21 00:54:10 status unpacked sensible-utils:all 0.0.9+deb9u1
2020-01-21 00:54:10 status unpacked sensible-utils:all 0.0.9+deb9u1
2020-01-21 00:54:11 install login:armhf <none> 1:4.4-4.1
2020-01-21 00:54:11 status half-installed login:armhf 1:4.4-4.1
2020-01-21 00:54:12 status unpacked login:armhf 1:4.4-4.1
2020-01-21 00:54:12 status unpacked login:armhf 1:4.4-4.1
2020-01-21 00:54:13 install passwd:armhf <none> 1:4.4-4.1
2020-01-21 00:54:13 status half-installed passwd:armhf 1:4.4-4.1
2020-01-21 00:54:15 status unpacked passwd:armhf 1:4.4-4.1
2020-01-21 00:54:15 status unpacked passwd:armhf 1:4.4-4.1
2020-01-21 00:54:15 install libsystemd0:armhf <none> 232-25+deb9u12
2020-01-21 00:54:15 status half-installed libsystemd0:armhf 232-25+deb9u12
2020-01-21 00:54:15 status unpacked libsystemd0:armhf 232-25+deb9u12
2020-01-21 00:54:16 status unpacked libsystemd0:armhf 232-25+deb9u12
2020-01-21 00:54:16 install libudev1:armhf <none> 232-25+deb9u12
2020-01-21 00:54:16 status half-installed libudev1:armhf 232-25+deb9u12
2020-01-21 00:54:17 status unpacked libudev1:armhf 232-25+deb9u12
2020-01-21 00:54:17 status unpacked libudev1:armhf 232-25+deb9u12
2020-01-21 00:54:17 install sysvinit-utils:armhf <none> 2.88dsf-59.9
2020-01-21 00:54:17 status half-installed sysvinit-utils:armhf 2.88dsf-59.9
2020-01-21 00:54:17 status unpacked sysvinit-utils:armhf 2.88dsf-59.9
2020-01-21 00:54:17 status unpacked sysvinit-utils:armhf 2.88dsf-59.9
2020-01-21 00:54:18 install tar:armhf <none> 1.29b-1.1
2020-01-21 00:54:18 status half-installed tar:armhf 1.29b-1.1
2020-01-21 00:54:19 status unpacked tar:armhf 1.29b-1.1
2020-01-21 00:54:19 status unpacked tar:armhf 1.29b-1.1
2020-01-21 00:54:19 install tzdata:all <none> 2019b-0+deb9u1
2020-01-21 00:54:19 status half-installed tzdata:all 2019b-0+deb9u1
2020-01-21 00:54:21 status unpacked tzdata:all 2019b-0+deb9u1
2020-01-21 00:54:21 status unpacked tzdata:all 2019b-0+deb9u1
2020-01-21 00:54:21 install libustr-1.0-1:armhf <none> 1.0.4-6
2020-01-21 00:54:21 status half-installed libustr-1.0-1:armhf 1.0.4-6
2020-01-21 00:54:22 status unpacked libustr-1.0-1:armhf 1.0.4-6
2020-01-21 00:54:22 status unpacked libustr-1.0-1:armhf 1.0.4-6
2020-01-21 00:54:22 install bsdutils:armhf <none> 1:2.29.2-1+deb9u1
2020-01-21 00:54:22 status half-installed bsdutils:armhf 1:2.29.2-1+deb9u1
2020-01-21 00:54:23 status unpacked bsdutils:armhf 1:2.29.2-1+deb9u1
2020-01-21 00:54:23 status unpacked bsdutils:armhf 1:2.29.2-1+deb9u1
2020-01-21 00:54:23 install libblkid1:armhf <none> 2.29.2-1+deb9u1
2020-01-21 00:54:23 status half-installed libblkid1:armhf 2.29.2-1+deb9u1
2020-01-21 00:54:24 status unpacked libblkid1:armhf 2.29.2-1+deb9u1
2020-01-21 00:54:24 status unpacked libblkid1:armhf 2.29.2-1+deb9u1
2020-01-21 00:54:25 install libfdisk1:armhf <none> 2.29.2-1+deb9u1
2020-01-21 00:54:25 status half-installed libfdisk1:armhf 2.29.2-1+deb9u1
2020-01-21 00:54:25 status unpacked libfdisk1:armhf 2.29.2-1+deb9u1
2020-01-21 00:54:25 status unpacked libfdisk1:armhf 2.29.2-1+deb9u1
2020-01-21 00:54:26 install libmount1:armhf <none> 2.29.2-1+deb9u1
2020-01-21 00:54:26 status half-installed libmount1:armhf 2.29.2-1+deb9u1
2020-01-21 00:54:26 status unpacked libmount1:armhf 2.29.2-1+deb9u1
2020-01-21 00:54:26 status unpacked libmount1:armhf 2.29.2-1+deb9u1
2020-01-21 00:54:27 install libsmartcols1:armhf <none> 2.29.2-1+deb9u1
2020-01-21 00:54:27 status half-installed libsmartcols1:armhf 2.29.2-1+deb9u1
2020-01-21 00:54:28 status unpacked libsmartcols1:armhf 2.29.2-1+deb9u1
2020-01-21 00:54:28 status unpacked libsmartcols1:armhf 2.29.2-1+deb9u1
2020-01-21 00:54:28 install libuuid1:armhf <none> 2.29.2-1+deb9u1
2020-01-21 00:54:28 status half-installed libuuid1:armhf 2.29.2-1+deb9u1
2020-01-21 00:54:29 status unpacked libuuid1:armhf 2.29.2-1+deb9u1
2020-01-21 00:54:29 status unpacked libuuid1:armhf 2.29.2-1+deb9u1
2020-01-21 00:54:29 install mount:armhf <none> 2.29.2-1+deb9u1
2020-01-21 00:54:29 status half-installed mount:armhf 2.29.2-1+deb9u1
2020-01-21 00:54:30 status unpacked mount:armhf 2.29.2-1+deb9u1
2020-01-21 00:54:30 status unpacked mount:armhf 2.29.2-1+deb9u1
2020-01-21 00:54:30 install util-linux:armhf <none> 2.29.2-1+deb9u1
2020-01-21 00:54:30 status half-installed util-linux:armhf 2.29.2-1+deb9u1
2020-01-21 00:54:31 status unpacked util-linux:armhf 2.29.2-1+deb9u1
2020-01-21 00:54:31 status unpacked util-linux:armhf 2.29.2-1+deb9u1
2020-01-21 00:54:32 install liblzma5:armhf <none> 5.2.2-1.2+b1
2020-01-21 00:54:32 status half-installed liblzma5:armhf 5.2.2-1.2+b1
2020-01-21 00:54:32 status unpacked liblzma5:armhf 5.2.2-1.2+b1
2020-01-21 00:54:32 status unpacked liblzma5:armhf 5.2.2-1.2+b1
2020-01-21 00:54:33 install zlib1g:armhf <none> 1:1.2.8.dfsg-5
2020-01-21 00:54:33 status half-installed zlib1g:armhf 1:1.2.8.dfsg-5
2020-01-21 00:54:33 status unpacked zlib1g:armhf 1:1.2.8.dfsg-5
2020-01-21 00:54:33 status unpacked zlib1g:armhf 1:1.2.8.dfsg-5
2020-01-21 00:54:33 startup packages configure
2020-01-21 00:54:34 configure gcc-6-base:armhf 6.3.0-18+deb9u1 <none>
2020-01-21 00:54:34 status unpacked gcc-6-base:armhf 6.3.0-18+deb9u1
2020-01-21 00:54:34 status half-configured gcc-6-base:armhf 6.3.0-18+deb9u1
2020-01-21 00:54:34 status installed gcc-6-base:armhf 6.3.0-18+deb9u1
2020-01-21 00:54:34 configure lsb-base:all 9.20161125 <none>
2020-01-21 00:54:34 status unpacked lsb-base:all 9.20161125
2020-01-21 00:54:34 status half-configured lsb-base:all 9.20161125
2020-01-21 00:54:34 status installed lsb-base:all 9.20161125
2020-01-21 00:54:34 configure sensible-utils:all 0.0.9+deb9u1 <none>
2020-01-21 00:54:34 status unpacked sensible-utils:all 0.0.9+deb9u1
2020-01-21 00:54:34 status half-configured sensible-utils:all 0.0.9+deb9u1
2020-01-21 00:54:34 status installed sensible-utils:all 0.0.9+deb9u1
2020-01-21 00:54:35 configure ncurses-base:all 6.0+20161126-1+deb9u2 <none>
2020-01-21 00:54:35 status unpacked ncurses-base:all 6.0+20161126-1+deb9u2
2020-01-21 00:54:35 status unpacked ncurses-base:all 6.0+20161126-1+deb9u2
2020-01-21 00:54:35 status half-configured ncurses-base:all 6.0+20161126-1+deb9u2
2020-01-21 00:54:35 status installed ncurses-base:all 6.0+20161126-1+deb9u2
2020-01-21 00:54:35 configure libsemanage-common:all 2.6-2 <none>
2020-01-21 00:54:35 status unpacked libsemanage-common:all 2.6-2
2020-01-21 00:54:35 status unpacked libsemanage-common:all 2.6-2
2020-01-21 00:54:35 status half-configured libsemanage-common:all 2.6-2
2020-01-21 00:54:35 status installed libsemanage-common:all 2.6-2
2020-01-21 00:54:35 configure libaudit-common:all 1:2.6.7-2 <none>
2020-01-21 00:54:35 status unpacked libaudit-common:all 1:2.6.7-2
2020-01-21 00:54:36 status unpacked libaudit-common:all 1:2.6.7-2
2020-01-21 00:54:36 status half-configured libaudit-common:all 1:2.6.7-2
2020-01-21 00:54:36 status installed libaudit-common:all 1:2.6.7-2
2020-01-21 00:54:36 configure libc6:armhf 2.24-11+deb9u4 <none>
2020-01-21 00:54:36 status unpacked libc6:armhf 2.24-11+deb9u4
2020-01-21 00:54:36 status unpacked libc6:armhf 2.24-11+deb9u4
2020-01-21 00:54:36 status half-configured libc6:armhf 2.24-11+deb9u4
2020-01-21 00:54:37 status installed libc6:armhf 2.24-11+deb9u4
2020-01-21 00:54:37 configure libbz2-1.0:armhf 1.0.6-8.1 <none>
2020-01-21 00:54:37 status unpacked libbz2-1.0:armhf 1.0.6-8.1
2020-01-21 00:54:37 status half-configured libbz2-1.0:armhf 1.0.6-8.1
2020-01-21 00:54:37 status installed libbz2-1.0:armhf 1.0.6-8.1
2020-01-21 00:54:37 configure libgpg-error0:armhf 1.26-2 <none>
2020-01-21 00:54:37 status unpacked libgpg-error0:armhf 1.26-2
2020-01-21 00:54:38 status half-configured libgpg-error0:armhf 1.26-2
2020-01-21 00:54:38 status installed libgpg-error0:armhf 1.26-2
2020-01-21 00:54:38 configure libc-bin:armhf 2.24-11+deb9u4 <none>
2020-01-21 00:54:38 status unpacked libc-bin:armhf 2.24-11+deb9u4
2020-01-21 00:54:38 status unpacked libc-bin:armhf 2.24-11+deb9u4
2020-01-21 00:54:38 status unpacked libc-bin:armhf 2.24-11+deb9u4
2020-01-21 00:54:38 status unpacked libc-bin:armhf 2.24-11+deb9u4
2020-01-21 00:54:38 status unpacked libc-bin:armhf 2.24-11+deb9u4
2020-01-21 00:54:38 status unpacked libc-bin:armhf 2.24-11+deb9u4
2020-01-21 00:54:38 status half-configured libc-bin:armhf 2.24-11+deb9u4
2020-01-21 00:54:39 status installed libc-bin:armhf 2.24-11+deb9u4
2020-01-21 00:54:39 configure libdebconfclient0:armhf 0.227 <none>
2020-01-21 00:54:39 status triggers-pending libc-bin:armhf 2.24-11+deb9u4
2020-01-21 00:54:39 status unpacked libdebconfclient0:armhf 0.227
2020-01-21 00:54:39 status half-configured libdebconfclient0:armhf 0.227
2020-01-21 00:54:39 status installed libdebconfclient0:armhf 0.227
2020-01-21 00:54:39 configure diffutils:armhf 1:3.5-3 <none>
2020-01-21 00:54:39 status unpacked diffutils:armhf 1:3.5-3
2020-01-21 00:54:39 status half-configured diffutils:armhf 1:3.5-3
2020-01-21 00:54:39 status installed diffutils:armhf 1:3.5-3
2020-01-21 00:54:40 configure libcomerr2:armhf 1.43.4-2 <none>
2020-01-21 00:54:40 status unpacked libcomerr2:armhf 1.43.4-2
2020-01-21 00:54:40 status half-configured libcomerr2:armhf 1.43.4-2
2020-01-21 00:54:40 status installed libcomerr2:armhf 1.43.4-2
2020-01-21 00:54:40 configure libcap-ng0:armhf 0.7.7-3+b1 <none>
2020-01-21 00:54:40 status unpacked libcap-ng0:armhf 0.7.7-3+b1
2020-01-21 00:54:40 status half-configured libcap-ng0:armhf 0.7.7-3+b1
2020-01-21 00:54:40 status installed libcap-ng0:armhf 0.7.7-3+b1
2020-01-21 00:54:40 configure libsepol1:armhf 2.6-2 <none>
2020-01-21 00:54:40 status unpacked libsepol1:armhf 2.6-2
2020-01-21 00:54:41 status half-configured libsepol1:armhf 2.6-2
2020-01-21 00:54:41 status installed libsepol1:armhf 2.6-2
2020-01-21 00:54:41 configure libgcc1:armhf 1:6.3.0-18+deb9u1 <none>
2020-01-21 00:54:41 status unpacked libgcc1:armhf 1:6.3.0-18+deb9u1
2020-01-21 00:54:41 status half-configured libgcc1:armhf 1:6.3.0-18+deb9u1
2020-01-21 00:54:41 status installed libgcc1:armhf 1:6.3.0-18+deb9u1
2020-01-21 00:54:41 configure libustr-1.0-1:armhf 1.0.4-6 <none>
2020-01-21 00:54:41 status unpacked libustr-1.0-1:armhf 1.0.4-6
2020-01-21 00:54:41 status half-configured libustr-1.0-1:armhf 1.0.4-6
2020-01-21 00:54:41 status installed libustr-1.0-1:armhf 1.0.4-6
2020-01-21 00:54:41 configure libsmartcols1:armhf 2.29.2-1+deb9u1 <none>
2020-01-21 00:54:41 status unpacked libsmartcols1:armhf 2.29.2-1+deb9u1
2020-01-21 00:54:41 status half-configured libsmartcols1:armhf 2.29.2-1+deb9u1
2020-01-21 00:54:41 status installed libsmartcols1:armhf 2.29.2-1+deb9u1
2020-01-21 00:54:42 configure libaudit1:armhf 1:2.6.7-2 <none>
2020-01-21 00:54:42 status unpacked libaudit1:armhf 1:2.6.7-2
2020-01-21 00:54:42 status half-configured libaudit1:armhf 1:2.6.7-2
2020-01-21 00:54:42 status installed libaudit1:armhf 1:2.6.7-2
2020-01-21 00:54:42 configure libtinfo5:armhf 6.0+20161126-1+deb9u2 <none>
2020-01-21 00:54:42 status unpacked libtinfo5:armhf 6.0+20161126-1+deb9u2
2020-01-21 00:54:42 status half-configured libtinfo5:armhf 6.0+20161126-1+deb9u2
2020-01-21 00:54:42 status installed libtinfo5:armhf 6.0+20161126-1+deb9u2
2020-01-21 00:54:42 configure libudev1:armhf 232-25+deb9u12 <none>
2020-01-21 00:54:42 status unpacked libudev1:armhf 232-25+deb9u12
2020-01-21 00:54:42 status half-configured libudev1:armhf 232-25+deb9u12
2020-01-21 00:54:42 status installed libudev1:armhf 232-25+deb9u12
2020-01-21 00:54:43 configure libattr1:armhf 1:2.4.47-2+b2 <none>
2020-01-21 00:54:43 status unpacked libattr1:armhf 1:2.4.47-2+b2
2020-01-21 00:54:43 status half-configured libattr1:armhf 1:2.4.47-2+b2
2020-01-21 00:54:43 status installed libattr1:armhf 1:2.4.47-2+b2
2020-01-21 00:54:43 configure libss2:armhf 1.43.4-2 <none>
2020-01-21 00:54:43 status unpacked libss2:armhf 1.43.4-2
2020-01-21 00:54:43 status half-configured libss2:armhf 1.43.4-2
2020-01-21 00:54:43 status installed libss2:armhf 1.43.4-2
2020-01-21 00:54:43 configure liblzma5:armhf 5.2.2-1.2+b1 <none>
2020-01-21 00:54:43 status unpacked liblzma5:armhf 5.2.2-1.2+b1
2020-01-21 00:54:43 status half-configured liblzma5:armhf 5.2.2-1.2+b1
2020-01-21 00:54:43 status installed liblzma5:armhf 5.2.2-1.2+b1
2020-01-21 00:54:44 configure base-passwd:armhf 3.5.43 <none>
2020-01-21 00:54:44 status unpacked base-passwd:armhf 3.5.43
2020-01-21 00:54:44 status half-configured base-passwd:armhf 3.5.43
2020-01-21 00:54:44 status installed base-passwd:armhf 3.5.43
2020-01-21 00:54:44 configure e2fslibs:armhf 1.43.4-2 <none>
2020-01-21 00:54:44 status unpacked e2fslibs:armhf 1.43.4-2
2020-01-21 00:54:45 status half-configured e2fslibs:armhf 1.43.4-2
2020-01-21 00:54:45 status installed e2fslibs:armhf 1.43.4-2
2020-01-21 00:54:45 configure liblz4-1:armhf 0.0~r131-2+b1 <none>
2020-01-21 00:54:45 status unpacked liblz4-1:armhf 0.0~r131-2+b1
2020-01-21 00:54:45 status half-configured liblz4-1:armhf 0.0~r131-2+b1
2020-01-21 00:54:45 status installed liblz4-1:armhf 0.0~r131-2+b1
2020-01-21 00:54:46 configure debianutils:armhf 4.8.1.1 <none>
2020-01-21 00:54:46 status unpacked debianutils:armhf 4.8.1.1
2020-01-21 00:54:46 status half-configured debianutils:armhf 4.8.1.1
2020-01-21 00:54:46 status installed debianutils:armhf 4.8.1.1
2020-01-21 00:54:46 configure libgcrypt20:armhf 1.7.6-2+deb9u3 <none>
2020-01-21 00:54:46 status unpacked libgcrypt20:armhf 1.7.6-2+deb9u3
2020-01-21 00:54:46 status half-configured libgcrypt20:armhf 1.7.6-2+deb9u3
2020-01-21 00:54:46 status installed libgcrypt20:armhf 1.7.6-2+deb9u3
2020-01-21 00:54:46 configure libncursesw5:armhf 6.0+20161126-1+deb9u2 <none>
2020-01-21 00:54:46 status unpacked libncursesw5:armhf 6.0+20161126-1+deb9u2
2020-01-21 00:54:46 status half-configured libncursesw5:armhf 6.0+20161126-1+deb9u2
2020-01-21 00:54:47 status installed libncursesw5:armhf 6.0+20161126-1+deb9u2
2020-01-21 00:54:47 configure libdb5.3:armhf 5.3.28-12+deb9u1 <none>
2020-01-21 00:54:47 status unpacked libdb5.3:armhf 5.3.28-12+deb9u1
2020-01-21 00:54:47 status half-configured libdb5.3:armhf 5.3.28-12+deb9u1
2020-01-21 00:54:47 status installed libdb5.3:armhf 5.3.28-12+deb9u1
2020-01-21 00:54:47 configure zlib1g:armhf 1:1.2.8.dfsg-5 <none>
2020-01-21 00:54:47 status unpacked zlib1g:armhf 1:1.2.8.dfsg-5
2020-01-21 00:54:47 status half-configured zlib1g:armhf 1:1.2.8.dfsg-5
2020-01-21 00:54:47 status installed zlib1g:armhf 1:1.2.8.dfsg-5
2020-01-21 00:54:48 configure hostname:armhf 3.18+b1 <none>
2020-01-21 00:54:48 status unpacked hostname:armhf 3.18+b1
2020-01-21 00:54:48 status half-configured hostname:armhf 3.18+b1
2020-01-21 00:54:48 status installed hostname:armhf 3.18+b1
2020-01-21 00:54:48 configure multiarch-support:armhf 2.24-11+deb9u4 <none>
2020-01-21 00:54:48 status unpacked multiarch-support:armhf 2.24-11+deb9u4
2020-01-21 00:54:48 status half-configured multiarch-support:armhf 2.24-11+deb9u4
2020-01-21 00:54:48 status installed multiarch-support:armhf 2.24-11+deb9u4
2020-01-21 00:54:48 configure mawk:armhf 1.3.3-17+b3 <none>
2020-01-21 00:54:48 status unpacked mawk:armhf 1.3.3-17+b3
2020-01-21 00:54:48 status half-configured mawk:armhf 1.3.3-17+b3
2020-01-21 00:54:49 status installed mawk:armhf 1.3.3-17+b3
2020-01-21 00:54:49 configure libpcre3:armhf 2:8.39-3 <none>
2020-01-21 00:54:49 status unpacked libpcre3:armhf 2:8.39-3
2020-01-21 00:54:49 status half-configured libpcre3:armhf 2:8.39-3
2020-01-21 00:54:49 status installed libpcre3:armhf 2:8.39-3
2020-01-21 00:54:49 configure base-files:armhf 9.9+deb9u11 <none>
2020-01-21 00:54:49 status unpacked base-files:armhf 9.9+deb9u11
2020-01-21 00:54:49 status unpacked base-files:armhf 9.9+deb9u11
2020-01-21 00:54:49 status unpacked base-files:armhf 9.9+deb9u11
2020-01-21 00:54:49 status unpacked base-files:armhf 9.9+deb9u11
2020-01-21 00:54:49 status unpacked base-files:armhf 9.9+deb9u11
2020-01-21 00:54:50 status unpacked base-files:armhf 9.9+deb9u11
2020-01-21 00:54:50 status unpacked base-files:armhf 9.9+deb9u11
2020-01-21 00:54:50 status half-configured base-files:armhf 9.9+deb9u11
2020-01-21 00:54:50 status installed base-files:armhf 9.9+deb9u11
2020-01-21 00:54:50 configure libselinux1:armhf 2.6-3+b3 <none>
2020-01-21 00:54:50 status unpacked libselinux1:armhf 2.6-3+b3
2020-01-21 00:54:50 status half-configured libselinux1:armhf 2.6-3+b3
2020-01-21 00:54:50 status installed libselinux1:armhf 2.6-3+b3
2020-01-21 00:54:50 configure findutils:armhf 4.6.0+git+20161106-2 <none>
2020-01-21 00:54:50 status unpacked findutils:armhf 4.6.0+git+20161106-2
2020-01-21 00:54:50 status half-configured findutils:armhf 4.6.0+git+20161106-2
2020-01-21 00:54:51 status installed findutils:armhf 4.6.0+git+20161106-2
2020-01-21 00:54:51 configure libacl1:armhf 2.2.52-3+b1 <none>
2020-01-21 00:54:51 status unpacked libacl1:armhf 2.2.52-3+b1
2020-01-21 00:54:51 status half-configured libacl1:armhf 2.2.52-3+b1
2020-01-21 00:54:51 status installed libacl1:armhf 2.2.52-3+b1
2020-01-21 00:54:51 configure ncurses-bin:armhf 6.0+20161126-1+deb9u2 <none>
2020-01-21 00:54:51 status unpacked ncurses-bin:armhf 6.0+20161126-1+deb9u2
2020-01-21 00:54:51 status half-configured ncurses-bin:armhf 6.0+20161126-1+deb9u2
2020-01-21 00:54:51 status installed ncurses-bin:armhf 6.0+20161126-1+deb9u2
2020-01-21 00:54:51 configure sed:armhf 4.4-1 <none>
2020-01-21 00:54:51 status unpacked sed:armhf 4.4-1
2020-01-21 00:54:51 status half-configured sed:armhf 4.4-1
2020-01-21 00:54:52 status installed sed:armhf 4.4-1
2020-01-21 00:54:52 configure libsystemd0:armhf 232-25+deb9u12 <none>
2020-01-21 00:54:52 status unpacked libsystemd0:armhf 232-25+deb9u12
2020-01-21 00:54:52 status half-configured libsystemd0:armhf 232-25+deb9u12
2020-01-21 00:54:52 status installed libsystemd0:armhf 232-25+deb9u12
2020-01-21 00:54:52 configure coreutils:armhf 8.26-3 <none>
2020-01-21 00:54:52 status unpacked coreutils:armhf 8.26-3
2020-01-21 00:54:52 status half-configured coreutils:armhf 8.26-3
2020-01-21 00:54:52 status installed coreutils:armhf 8.26-3
2020-01-21 00:54:52 configure tar:armhf 1.29b-1.1 <none>
2020-01-21 00:54:52 status unpacked tar:armhf 1.29b-1.1
2020-01-21 00:54:52 status unpacked tar:armhf 1.29b-1.1
2020-01-21 00:54:53 status half-configured tar:armhf 1.29b-1.1
2020-01-21 00:54:53 status installed tar:armhf 1.29b-1.1
2020-01-21 00:54:53 configure libsemanage1:armhf 2.6-2 <none>
2020-01-21 00:54:53 status unpacked libsemanage1:armhf 2.6-2
2020-01-21 00:54:53 status half-configured libsemanage1:armhf 2.6-2
2020-01-21 00:54:53 status installed libsemanage1:armhf 2.6-2
2020-01-21 00:54:53 configure dpkg:armhf 1.18.25 <none>
2020-01-21 00:54:53 status unpacked dpkg:armhf 1.18.25
2020-01-21 00:54:53 status unpacked dpkg:armhf 1.18.25
2020-01-21 00:54:53 status unpacked dpkg:armhf 1.18.25
2020-01-21 00:54:54 status unpacked dpkg:armhf 1.18.25
2020-01-21 00:54:54 status unpacked dpkg:armhf 1.18.25
2020-01-21 00:54:54 status half-configured dpkg:armhf 1.18.25
2020-01-21 00:54:54 status installed dpkg:armhf 1.18.25
2020-01-21 00:54:54 configure perl-base:armhf 5.24.1-3+deb9u5 <none>
2020-01-21 00:54:54 status unpacked perl-base:armhf 5.24.1-3+deb9u5
2020-01-21 00:54:54 status half-configured perl-base:armhf 5.24.1-3+deb9u5
2020-01-21 00:54:54 status installed perl-base:armhf 5.24.1-3+deb9u5
2020-01-21 00:54:54 configure grep:armhf 2.27-2 <none>
2020-01-21 00:54:54 status unpacked grep:armhf 2.27-2
2020-01-21 00:54:55 status half-configured grep:armhf 2.27-2
2020-01-21 00:54:55 status installed grep:armhf 2.27-2
2020-01-21 00:54:55 configure debconf:all 1.5.61 <none>
2020-01-21 00:54:55 status unpacked debconf:all 1.5.61
2020-01-21 00:54:55 status unpacked debconf:all 1.5.61
2020-01-21 00:54:55 status unpacked debconf:all 1.5.61
2020-01-21 00:54:55 status half-configured debconf:all 1.5.61
2020-01-21 00:54:56 status installed debconf:all 1.5.61
2020-01-21 00:54:56 configure tzdata:all 2019b-0+deb9u1 <none>
2020-01-21 00:54:56 status unpacked tzdata:all 2019b-0+deb9u1
2020-01-21 00:54:56 status half-configured tzdata:all 2019b-0+deb9u1
2020-01-21 00:54:57 status installed tzdata:all 2019b-0+deb9u1
2020-01-21 00:54:57 configure gzip:armhf 1.6-5+b1 <none>
2020-01-21 00:54:57 status unpacked gzip:armhf 1.6-5+b1
2020-01-21 00:54:57 status half-configured gzip:armhf 1.6-5+b1
2020-01-21 00:54:57 status installed gzip:armhf 1.6-5+b1
2020-01-21 00:54:57 configure bsdutils:armhf 1:2.29.2-1+deb9u1 <none>
2020-01-21 00:54:57 status unpacked bsdutils:armhf 1:2.29.2-1+deb9u1
2020-01-21 00:54:58 status half-configured bsdutils:armhf 1:2.29.2-1+deb9u1
2020-01-21 00:54:58 status installed bsdutils:armhf 1:2.29.2-1+deb9u1
2020-01-21 00:54:58 configure dash:armhf 0.5.8-2.4 <none>
2020-01-21 00:54:58 status unpacked dash:armhf 0.5.8-2.4
2020-01-21 00:54:58 status half-configured dash:armhf 0.5.8-2.4
2020-01-21 00:54:59 status installed dash:armhf 0.5.8-2.4
2020-01-21 00:54:59 configure init-system-helpers:all 1.48 <none>
2020-01-21 00:54:59 status unpacked init-system-helpers:all 1.48
2020-01-21 00:54:59 status half-configured init-system-helpers:all 1.48
2020-01-21 00:54:59 status installed init-system-helpers:all 1.48
2020-01-21 00:55:00 configure libpam0g:armhf 1.1.8-3.6 <none>
2020-01-21 00:55:00 status unpacked libpam0g:armhf 1.1.8-3.6
2020-01-21 00:55:00 status half-configured libpam0g:armhf 1.1.8-3.6
2020-01-21 00:55:00 status installed libpam0g:armhf 1.1.8-3.6
2020-01-21 00:55:01 configure libpam-modules-bin:armhf 1.1.8-3.6 <none>
2020-01-21 00:55:01 status unpacked libpam-modules-bin:armhf 1.1.8-3.6
2020-01-21 00:55:01 status half-configured libpam-modules-bin:armhf 1.1.8-3.6
2020-01-21 00:55:01 status installed libpam-modules-bin:armhf 1.1.8-3.6
2020-01-21 00:55:01 configure bash:armhf 4.4-5 <none>
2020-01-21 00:55:01 status unpacked bash:armhf 4.4-5
2020-01-21 00:55:01 status unpacked bash:armhf 4.4-5
2020-01-21 00:55:01 status unpacked bash:armhf 4.4-5
2020-01-21 00:55:01 status unpacked bash:armhf 4.4-5
2020-01-21 00:55:01 status unpacked bash:armhf 4.4-5
2020-01-21 00:55:01 status half-configured bash:armhf 4.4-5
2020-01-21 00:55:02 status installed bash:armhf 4.4-5
2020-01-21 00:55:02 configure libpam-modules:armhf 1.1.8-3.6 <none>
2020-01-21 00:55:02 status unpacked libpam-modules:armhf 1.1.8-3.6
2020-01-21 00:55:02 status unpacked libpam-modules:armhf 1.1.8-3.6
2020-01-21 00:55:03 status unpacked libpam-modules:armhf 1.1.8-3.6
2020-01-21 00:55:03 status unpacked libpam-modules:armhf 1.1.8-3.6
2020-01-21 00:55:03 status unpacked libpam-modules:armhf 1.1.8-3.6
2020-01-21 00:55:03 status unpacked libpam-modules:armhf 1.1.8-3.6
2020-01-21 00:55:03 status unpacked libpam-modules:armhf 1.1.8-3.6
2020-01-21 00:55:03 status unpacked libpam-modules:armhf 1.1.8-3.6
2020-01-21 00:55:03 status unpacked libpam-modules:armhf 1.1.8-3.6
2020-01-21 00:55:03 status half-configured libpam-modules:armhf 1.1.8-3.6
2020-01-21 00:55:03 status installed libpam-modules:armhf 1.1.8-3.6
2020-01-21 00:55:03 configure libpam-runtime:all 1.1.8-3.6 <none>
2020-01-21 00:55:03 status unpacked libpam-runtime:all 1.1.8-3.6
2020-01-21 00:55:04 status unpacked libpam-runtime:all 1.1.8-3.6
2020-01-21 00:55:04 status unpacked libpam-runtime:all 1.1.8-3.6
2020-01-21 00:55:04 status half-configured libpam-runtime:all 1.1.8-3.6
2020-01-21 00:55:05 status installed libpam-runtime:all 1.1.8-3.6
2020-01-21 00:55:05 configure passwd:armhf 1:4.4-4.1 <none>
2020-01-21 00:55:05 status unpacked passwd:armhf 1:4.4-4.1
2020-01-21 00:55:05 status unpacked passwd:armhf 1:4.4-4.1
2020-01-21 00:55:05 status unpacked passwd:armhf 1:4.4-4.1
2020-01-21 00:55:05 status unpacked passwd:armhf 1:4.4-4.1
2020-01-21 00:55:05 status unpacked passwd:armhf 1:4.4-4.1
2020-01-21 00:55:05 status unpacked passwd:armhf 1:4.4-4.1
2020-01-21 00:55:06 status unpacked passwd:armhf 1:4.4-4.1
2020-01-21 00:55:06 status unpacked passwd:armhf 1:4.4-4.1
2020-01-21 00:55:06 status half-configured passwd:armhf 1:4.4-4.1
2020-01-21 00:55:07 status installed passwd:armhf 1:4.4-4.1
2020-01-21 00:55:07 configure login:armhf 1:4.4-4.1 <none>
2020-01-21 00:55:07 status unpacked login:armhf 1:4.4-4.1
2020-01-21 00:55:07 status unpacked login:armhf 1:4.4-4.1
2020-01-21 00:55:07 status unpacked login:armhf 1:4.4-4.1
2020-01-21 00:55:07 status unpacked login:armhf 1:4.4-4.1
2020-01-21 00:55:07 status unpacked login:armhf 1:4.4-4.1
2020-01-21 00:55:07 status half-configured login:armhf 1:4.4-4.1
2020-01-21 00:55:08 status installed login:armhf 1:4.4-4.1
2020-01-21 00:55:08 configure libuuid1:armhf 2.29.2-1+deb9u1 <none>
2020-01-21 00:55:08 status unpacked libuuid1:armhf 2.29.2-1+deb9u1
2020-01-21 00:55:08 status half-configured libuuid1:armhf 2.29.2-1+deb9u1
2020-01-21 00:55:08 status installed libuuid1:armhf 2.29.2-1+deb9u1
2020-01-21 00:55:08 configure libblkid1:armhf 2.29.2-1+deb9u1 <none>
2020-01-21 00:55:08 status unpacked libblkid1:armhf 2.29.2-1+deb9u1
2020-01-21 00:55:08 status half-configured libblkid1:armhf 2.29.2-1+deb9u1
2020-01-21 00:55:09 status installed libblkid1:armhf 2.29.2-1+deb9u1
2020-01-21 00:55:09 configure libmount1:armhf 2.29.2-1+deb9u1 <none>
2020-01-21 00:55:09 status unpacked libmount1:armhf 2.29.2-1+deb9u1
2020-01-21 00:55:09 status half-configured libmount1:armhf 2.29.2-1+deb9u1
2020-01-21 00:55:09 status installed libmount1:armhf 2.29.2-1+deb9u1
2020-01-21 00:55:09 configure mount:armhf 2.29.2-1+deb9u1 <none>
2020-01-21 00:55:09 status unpacked mount:armhf 2.29.2-1+deb9u1
2020-01-21 00:55:09 status half-configured mount:armhf 2.29.2-1+deb9u1
2020-01-21 00:55:09 status installed mount:armhf 2.29.2-1+deb9u1
2020-01-21 00:55:09 configure libfdisk1:armhf 2.29.2-1+deb9u1 <none>
2020-01-21 00:55:09 status unpacked libfdisk1:armhf 2.29.2-1+deb9u1
2020-01-21 00:55:10 status half-configured libfdisk1:armhf 2.29.2-1+deb9u1
2020-01-21 00:55:10 status installed libfdisk1:armhf 2.29.2-1+deb9u1
2020-01-21 00:55:10 configure util-linux:armhf 2.29.2-1+deb9u1 <none>
2020-01-21 00:55:10 status unpacked util-linux:armhf 2.29.2-1+deb9u1
2020-01-21 00:55:10 status unpacked util-linux:armhf 2.29.2-1+deb9u1
2020-01-21 00:55:10 status unpacked util-linux:armhf 2.29.2-1+deb9u1
2020-01-21 00:55:10 status unpacked util-linux:armhf 2.29.2-1+deb9u1
2020-01-21 00:55:11 status unpacked util-linux:armhf 2.29.2-1+deb9u1
2020-01-21 00:55:11 status half-configured util-linux:armhf 2.29.2-1+deb9u1
2020-01-21 00:55:11 status installed util-linux:armhf 2.29.2-1+deb9u1
2020-01-21 00:55:11 configure e2fsprogs:armhf 1.43.4-2 <none>
2020-01-21 00:55:11 status unpacked e2fsprogs:armhf 1.43.4-2
2020-01-21 00:55:12 status unpacked e2fsprogs:armhf 1.43.4-2
2020-01-21 00:55:12 status half-configured e2fsprogs:armhf 1.43.4-2
2020-01-21 00:55:12 status installed e2fsprogs:armhf 1.43.4-2
2020-01-21 00:55:12 configure sysvinit-utils:armhf 2.88dsf-59.9 <none>
2020-01-21 00:55:12 status unpacked sysvinit-utils:armhf 2.88dsf-59.9
2020-01-21 00:55:12 status half-configured sysvinit-utils:armhf 2.88dsf-59.9
2020-01-21 00:55:12 status installed sysvinit-utils:armhf 2.88dsf-59.9
2020-01-21 00:55:12 trigproc libc-bin:armhf 2.24-11+deb9u4 <none>
2020-01-21 00:55:12 status half-configured libc-bin:armhf 2.24-11+deb9u4
2020-01-21 00:55:13 status installed libc-bin:armhf 2.24-11+deb9u4
2020-01-21 00:55:19 startup archives unpack
2020-01-21 00:55:19 install adduser:all <none> 3.115
2020-01-21 00:55:19 status half-installed adduser:all 3.115
2020-01-21 00:55:20 status unpacked adduser:all 3.115
2020-01-21 00:55:20 status unpacked adduser:all 3.115
2020-01-21 00:55:21 install apt:armhf <none> 1.4.9
2020-01-21 00:55:21 status triggers-pending libc-bin:armhf 2.24-11+deb9u4
2020-01-21 00:55:21 status half-installed apt:armhf 1.4.9
2020-01-21 00:55:22 status unpacked apt:armhf 1.4.9
2020-01-21 00:55:22 status unpacked apt:armhf 1.4.9
2020-01-21 00:55:22 install apt-transport-https:armhf <none> 1.4.9
2020-01-21 00:55:22 status half-installed apt-transport-https:armhf 1.4.9
2020-01-21 00:55:22 status unpacked apt-transport-https:armhf 1.4.9
2020-01-21 00:55:22 status unpacked apt-transport-https:armhf 1.4.9
2020-01-21 00:55:23 install libapt-pkg5.0:armhf <none> 1.4.9
2020-01-21 00:55:23 status half-installed libapt-pkg5.0:armhf 1.4.9
2020-01-21 00:55:23 status unpacked libapt-pkg5.0:armhf 1.4.9
2020-01-21 00:55:23 status unpacked libapt-pkg5.0:armhf 1.4.9
2020-01-21 00:55:24 install libcurl3-gnutls:armhf <none> 7.52.1-5+deb9u9
2020-01-21 00:55:24 status half-installed libcurl3-gnutls:armhf 7.52.1-5+deb9u9
2020-01-21 00:55:24 status unpacked libcurl3-gnutls:armhf 7.52.1-5+deb9u9
2020-01-21 00:55:25 status unpacked libcurl3-gnutls:armhf 7.52.1-5+deb9u9
2020-01-21 00:55:25 install libsasl2-2:armhf <none> 2.1.27~101-g0780600+dfsg-3
2020-01-21 00:55:25 status half-installed libsasl2-2:armhf 2.1.27~101-g0780600+dfsg-3
2020-01-21 00:55:26 status unpacked libsasl2-2:armhf 2.1.27~101-g0780600+dfsg-3
2020-01-21 00:55:26 status unpacked libsasl2-2:armhf 2.1.27~101-g0780600+dfsg-3
2020-01-21 00:55:26 install libsasl2-modules-db:armhf <none> 2.1.27~101-g0780600+dfsg-3
2020-01-21 00:55:26 status half-installed libsasl2-modules-db:armhf 2.1.27~101-g0780600+dfsg-3
2020-01-21 00:55:26 status unpacked libsasl2-modules-db:armhf 2.1.27~101-g0780600+dfsg-3
2020-01-21 00:55:26 status unpacked libsasl2-modules-db:armhf 2.1.27~101-g0780600+dfsg-3
2020-01-21 00:55:27 install debian-archive-keyring:all <none> 2017.5+deb9u1
2020-01-21 00:55:27 status half-installed debian-archive-keyring:all 2017.5+deb9u1
2020-01-21 00:55:28 status unpacked debian-archive-keyring:all 2017.5+deb9u1
2020-01-21 00:55:28 status unpacked debian-archive-keyring:all 2017.5+deb9u1
2020-01-21 00:55:29 install libstdc++6:armhf <none> 6.3.0-18+deb9u1
2020-01-21 00:55:29 status half-installed libstdc++6:armhf 6.3.0-18+deb9u1
2020-01-21 00:55:29 status unpacked libstdc++6:armhf 6.3.0-18+deb9u1
2020-01-21 00:55:29 status unpacked libstdc++6:armhf 6.3.0-18+deb9u1
2020-01-21 00:55:30 install libgmp10:armhf <none> 2:6.1.2+dfsg-1
2020-01-21 00:55:30 status half-installed libgmp10:armhf 2:6.1.2+dfsg-1
2020-01-21 00:55:30 status unpacked libgmp10:armhf 2:6.1.2+dfsg-1
2020-01-21 00:55:30 status unpacked libgmp10:armhf 2:6.1.2+dfsg-1
2020-01-21 00:55:31 install gnupg:armhf <none> 2.1.18-8~deb9u4
2020-01-21 00:55:31 status half-installed gnupg:armhf 2.1.18-8~deb9u4
2020-01-21 00:55:31 status unpacked gnupg:armhf 2.1.18-8~deb9u4
2020-01-21 00:55:31 status unpacked gnupg:armhf 2.1.18-8~deb9u4
2020-01-21 00:55:32 install gnupg-agent:armhf <none> 2.1.18-8~deb9u4
2020-01-21 00:55:32 status half-installed gnupg-agent:armhf 2.1.18-8~deb9u4
2020-01-21 00:55:32 status unpacked gnupg-agent:armhf 2.1.18-8~deb9u4
2020-01-21 00:55:32 status unpacked gnupg-agent:armhf 2.1.18-8~deb9u4
2020-01-21 00:55:33 install gpgv:armhf <none> 2.1.18-8~deb9u4
2020-01-21 00:55:33 status half-installed gpgv:armhf 2.1.18-8~deb9u4
2020-01-21 00:55:33 status unpacked gpgv:armhf 2.1.18-8~deb9u4
2020-01-21 00:55:33 status unpacked gpgv:armhf 2.1.18-8~deb9u4
2020-01-21 00:55:34 install libgnutls30:armhf <none> 3.5.8-5+deb9u4
2020-01-21 00:55:34 status half-installed libgnutls30:armhf 3.5.8-5+deb9u4
2020-01-21 00:55:34 status unpacked libgnutls30:armhf 3.5.8-5+deb9u4
2020-01-21 00:55:35 status unpacked libgnutls30:armhf 3.5.8-5+deb9u4
2020-01-21 00:55:35 install libkeyutils1:armhf <none> 1.5.9-9
2020-01-21 00:55:35 status half-installed libkeyutils1:armhf 1.5.9-9
2020-01-21 00:55:36 status unpacked libkeyutils1:armhf 1.5.9-9
2020-01-21 00:55:36 status unpacked libkeyutils1:armhf 1.5.9-9
2020-01-21 00:55:36 install libgssapi-krb5-2:armhf <none> 1.15-1+deb9u1
2020-01-21 00:55:36 status half-installed libgssapi-krb5-2:armhf 1.15-1+deb9u1
2020-01-21 00:55:37 status unpacked libgssapi-krb5-2:armhf 1.15-1+deb9u1
2020-01-21 00:55:37 status unpacked libgssapi-krb5-2:armhf 1.15-1+deb9u1
2020-01-21 00:55:38 install libk5crypto3:armhf <none> 1.15-1+deb9u1
2020-01-21 00:55:38 status half-installed libk5crypto3:armhf 1.15-1+deb9u1
2020-01-21 00:55:38 status unpacked libk5crypto3:armhf 1.15-1+deb9u1
2020-01-21 00:55:38 status unpacked libk5crypto3:armhf 1.15-1+deb9u1
2020-01-21 00:55:39 install libkrb5-3:armhf <none> 1.15-1+deb9u1
2020-01-21 00:55:39 status half-installed libkrb5-3:armhf 1.15-1+deb9u1
2020-01-21 00:55:39 status unpacked libkrb5-3:armhf 1.15-1+deb9u1
2020-01-21 00:55:39 status unpacked libkrb5-3:armhf 1.15-1+deb9u1
2020-01-21 00:55:40 install libkrb5support0:armhf <none> 1.15-1+deb9u1
2020-01-21 00:55:40 status half-installed libkrb5support0:armhf 1.15-1+deb9u1
2020-01-21 00:55:41 status unpacked libkrb5support0:armhf 1.15-1+deb9u1
2020-01-21 00:55:41 status unpacked libkrb5support0:armhf 1.15-1+deb9u1
2020-01-21 00:55:41 install libassuan0:armhf <none> 2.4.3-2
2020-01-21 00:55:41 status half-installed libassuan0:armhf 2.4.3-2
2020-01-21 00:55:42 status unpacked libassuan0:armhf 2.4.3-2
2020-01-21 00:55:42 status unpacked libassuan0:armhf 2.4.3-2
2020-01-21 00:55:43 install libffi6:armhf <none> 3.2.1-6
2020-01-21 00:55:43 status half-installed libffi6:armhf 3.2.1-6
2020-01-21 00:55:43 status unpacked libffi6:armhf 3.2.1-6
2020-01-21 00:55:43 status unpacked libffi6:armhf 3.2.1-6
2020-01-21 00:55:44 install libidn11:armhf <none> 1.33-1
2020-01-21 00:55:44 status half-installed libidn11:armhf 1.33-1
2020-01-21 00:55:44 status unpacked libidn11:armhf 1.33-1
2020-01-21 00:55:44 status unpacked libidn11:armhf 1.33-1
2020-01-21 00:55:45 install libidn2-0:armhf <none> 0.16-1+deb9u1
2020-01-21 00:55:45 status half-installed libidn2-0:armhf 0.16-1+deb9u1
2020-01-21 00:55:45 status unpacked libidn2-0:armhf 0.16-1+deb9u1
2020-01-21 00:55:46 status unpacked libidn2-0:armhf 0.16-1+deb9u1
2020-01-21 00:55:46 install libksba8:armhf <none> 1.3.5-2
2020-01-21 00:55:46 status half-installed libksba8:armhf 1.3.5-2
2020-01-21 00:55:46 status unpacked libksba8:armhf 1.3.5-2
2020-01-21 00:55:47 status unpacked libksba8:armhf 1.3.5-2
2020-01-21 00:55:47 install libpsl5:armhf <none> 0.17.0-3
2020-01-21 00:55:47 status half-installed libpsl5:armhf 0.17.0-3
2020-01-21 00:55:48 status unpacked libpsl5:armhf 0.17.0-3
2020-01-21 00:55:48 status unpacked libpsl5:armhf 0.17.0-3
2020-01-21 00:55:49 install libssh2-1:armhf <none> 1.7.0-1+deb9u1
2020-01-21 00:55:49 status half-installed libssh2-1:armhf 1.7.0-1+deb9u1
2020-01-21 00:55:50 status unpacked libssh2-1:armhf 1.7.0-1+deb9u1
2020-01-21 00:55:50 status unpacked libssh2-1:armhf 1.7.0-1+deb9u1
2020-01-21 00:55:50 install libtasn1-6:armhf <none> 4.10-1.1+deb9u1
2020-01-21 00:55:50 status half-installed libtasn1-6:armhf 4.10-1.1+deb9u1
2020-01-21 00:55:51 status unpacked libtasn1-6:armhf 4.10-1.1+deb9u1
2020-01-21 00:55:51 status unpacked libtasn1-6:armhf 4.10-1.1+deb9u1
2020-01-21 00:55:52 install libunistring0:armhf <none> 0.9.6+really0.9.3-0.1
2020-01-21 00:55:52 status half-installed libunistring0:armhf 0.9.6+really0.9.3-0.1
2020-01-21 00:55:52 status unpacked libunistring0:armhf 0.9.6+really0.9.3-0.1
2020-01-21 00:55:52 status unpacked libunistring0:armhf 0.9.6+really0.9.3-0.1
2020-01-21 00:55:53 install libhogweed4:armhf <none> 3.3-1+b2
2020-01-21 00:55:53 status half-installed libhogweed4:armhf 3.3-1+b2
2020-01-21 00:55:53 status unpacked libhogweed4:armhf 3.3-1+b2
2020-01-21 00:55:53 status unpacked libhogweed4:armhf 3.3-1+b2
2020-01-21 00:55:54 install libnettle6:armhf <none> 3.3-1+b2
2020-01-21 00:55:54 status half-installed libnettle6:armhf 3.3-1+b2
2020-01-21 00:55:54 status unpacked libnettle6:armhf 3.3-1+b2
2020-01-21 00:55:54 status unpacked libnettle6:armhf 3.3-1+b2
2020-01-21 00:55:55 install libnghttp2-14:armhf <none> 1.18.1-1
2020-01-21 00:55:55 status half-installed libnghttp2-14:armhf 1.18.1-1
2020-01-21 00:55:56 status unpacked libnghttp2-14:armhf 1.18.1-1
2020-01-21 00:55:56 status unpacked libnghttp2-14:armhf 1.18.1-1
2020-01-21 00:55:56 install libnpth0:armhf <none> 1.3-1
2020-01-21 00:55:56 status half-installed libnpth0:armhf 1.3-1
2020-01-21 00:55:57 status unpacked libnpth0:armhf 1.3-1
2020-01-21 00:55:57 status unpacked libnpth0:armhf 1.3-1
2020-01-21 00:55:57 install libldap-2.4-2:armhf <none> 2.4.44+dfsg-5+deb9u3
2020-01-21 00:55:57 status half-installed libldap-2.4-2:armhf 2.4.44+dfsg-5+deb9u3
2020-01-21 00:55:58 status unpacked libldap-2.4-2:armhf 2.4.44+dfsg-5+deb9u3
2020-01-21 00:55:58 status unpacked libldap-2.4-2:armhf 2.4.44+dfsg-5+deb9u3
2020-01-21 00:55:58 install libldap-common:all <none> 2.4.44+dfsg-5+deb9u3
2020-01-21 00:55:58 status half-installed libldap-common:all 2.4.44+dfsg-5+deb9u3
2020-01-21 00:55:59 status unpacked libldap-common:all 2.4.44+dfsg-5+deb9u3
2020-01-21 00:55:59 status unpacked libldap-common:all 2.4.44+dfsg-5+deb9u3
2020-01-21 00:55:59 install libp11-kit0:armhf <none> 0.23.3-2
2020-01-21 00:55:59 status half-installed libp11-kit0:armhf 0.23.3-2
2020-01-21 00:56:00 status unpacked libp11-kit0:armhf 0.23.3-2
2020-01-21 00:56:00 status unpacked libp11-kit0:armhf 0.23.3-2
2020-01-21 00:56:00 install pinentry-curses:armhf <none> 1.0.0-2
2020-01-21 00:56:00 status half-installed pinentry-curses:armhf 1.0.0-2
2020-01-21 00:56:01 status unpacked pinentry-curses:armhf 1.0.0-2
2020-01-21 00:56:01 status unpacked pinentry-curses:armhf 1.0.0-2
2020-01-21 00:56:02 install libreadline7:armhf <none> 7.0-3
2020-01-21 00:56:02 status half-installed libreadline7:armhf 7.0-3
2020-01-21 00:56:02 status unpacked libreadline7:armhf 7.0-3
2020-01-21 00:56:02 status unpacked libreadline7:armhf 7.0-3
2020-01-21 00:56:03 install readline-common:all <none> 7.0-3
2020-01-21 00:56:03 status half-installed readline-common:all 7.0-3
2020-01-21 00:56:03 status unpacked readline-common:all 7.0-3
2020-01-21 00:56:03 status unpacked readline-common:all 7.0-3
2020-01-21 00:56:04 install librtmp1:armhf <none> 2.4+20151223.gitfa8646d.1-1+b1
2020-01-21 00:56:04 status half-installed librtmp1:armhf 2.4+20151223.gitfa8646d.1-1+b1
2020-01-21 00:56:04 status unpacked librtmp1:armhf 2.4+20151223.gitfa8646d.1-1+b1
2020-01-21 00:56:04 status unpacked librtmp1:armhf 2.4+20151223.gitfa8646d.1-1+b1
2020-01-21 00:56:05 install libsqlite3-0:armhf <none> 3.16.2-5+deb9u1
2020-01-21 00:56:05 status half-installed libsqlite3-0:armhf 3.16.2-5+deb9u1
2020-01-21 00:56:05 status unpacked libsqlite3-0:armhf 3.16.2-5+deb9u1
2020-01-21 00:56:05 status unpacked libsqlite3-0:armhf 3.16.2-5+deb9u1
2020-01-21 00:56:05 trigproc libc-bin:armhf 2.24-11+deb9u4 <none>
2020-01-21 00:56:05 status half-configured libc-bin:armhf 2.24-11+deb9u4
2020-01-21 00:56:06 status installed libc-bin:armhf 2.24-11+deb9u4
2020-01-21 00:56:06 startup packages configure
2020-01-21 00:56:06 configure libnpth0:armhf 1.3-1 <none>
2020-01-21 00:56:06 status triggers-pending libc-bin:armhf 2.24-11+deb9u4
2020-01-21 00:56:06 status unpacked libnpth0:armhf 1.3-1
2020-01-21 00:56:06 status half-configured libnpth0:armhf 1.3-1
2020-01-21 00:56:06 status installed libnpth0:armhf 1.3-1
2020-01-21 00:56:07 configure readline-common:all 7.0-3 <none>
2020-01-21 00:56:07 status unpacked readline-common:all 7.0-3
2020-01-21 00:56:07 status half-configured readline-common:all 7.0-3
2020-01-21 00:56:07 status installed readline-common:all 7.0-3
2020-01-21 00:56:07 configure libnettle6:armhf 3.3-1+b2 <none>
2020-01-21 00:56:07 status unpacked libnettle6:armhf 3.3-1+b2
2020-01-21 00:56:07 status half-configured libnettle6:armhf 3.3-1+b2
2020-01-21 00:56:07 status installed libnettle6:armhf 3.3-1+b2
2020-01-21 00:56:07 configure libnghttp2-14:armhf 1.18.1-1 <none>
2020-01-21 00:56:07 status unpacked libnghttp2-14:armhf 1.18.1-1
2020-01-21 00:56:07 status half-configured libnghttp2-14:armhf 1.18.1-1
2020-01-21 00:56:07 status installed libnghttp2-14:armhf 1.18.1-1
2020-01-21 00:56:08 configure libldap-common:all 2.4.44+dfsg-5+deb9u3 <none>
2020-01-21 00:56:08 status unpacked libldap-common:all 2.4.44+dfsg-5+deb9u3
2020-01-21 00:56:08 status unpacked libldap-common:all 2.4.44+dfsg-5+deb9u3
2020-01-21 00:56:08 status half-configured libldap-common:all 2.4.44+dfsg-5+deb9u3
2020-01-21 00:56:08 status installed libldap-common:all 2.4.44+dfsg-5+deb9u3
2020-01-21 00:56:08 configure libreadline7:armhf 7.0-3 <none>
2020-01-21 00:56:08 status unpacked libreadline7:armhf 7.0-3
2020-01-21 00:56:08 status half-configured libreadline7:armhf 7.0-3
2020-01-21 00:56:08 status installed libreadline7:armhf 7.0-3
2020-01-21 00:56:08 configure gpgv:armhf 2.1.18-8~deb9u4 <none>
2020-01-21 00:56:08 status unpacked gpgv:armhf 2.1.18-8~deb9u4
2020-01-21 00:56:09 status half-configured gpgv:armhf 2.1.18-8~deb9u4
2020-01-21 00:56:09 status installed gpgv:armhf 2.1.18-8~deb9u4
2020-01-21 00:56:09 configure libsasl2-modules-db:armhf 2.1.27~101-g0780600+dfsg-3 <none>
2020-01-21 00:56:09 status unpacked libsasl2-modules-db:armhf 2.1.27~101-g0780600+dfsg-3
2020-01-21 00:56:09 status half-configured libsasl2-modules-db:armhf 2.1.27~101-g0780600+dfsg-3
2020-01-21 00:56:09 status installed libsasl2-modules-db:armhf 2.1.27~101-g0780600+dfsg-3
2020-01-21 00:56:09 configure libsasl2-2:armhf 2.1.27~101-g0780600+dfsg-3 <none>
2020-01-21 00:56:09 status unpacked libsasl2-2:armhf 2.1.27~101-g0780600+dfsg-3
2020-01-21 00:56:09 status half-configured libsasl2-2:armhf 2.1.27~101-g0780600+dfsg-3
2020-01-21 00:56:09 status installed libsasl2-2:armhf 2.1.27~101-g0780600+dfsg-3
2020-01-21 00:56:09 configure libksba8:armhf 1.3.5-2 <none>
2020-01-21 00:56:09 status unpacked libksba8:armhf 1.3.5-2
2020-01-21 00:56:09 status half-configured libksba8:armhf 1.3.5-2
2020-01-21 00:56:10 status installed libksba8:armhf 1.3.5-2
2020-01-21 00:56:10 configure libtasn1-6:armhf 4.10-1.1+deb9u1 <none>
2020-01-21 00:56:10 status unpacked libtasn1-6:armhf 4.10-1.1+deb9u1
2020-01-21 00:56:10 status half-configured libtasn1-6:armhf 4.10-1.1+deb9u1
2020-01-21 00:56:10 status installed libtasn1-6:armhf 4.10-1.1+deb9u1
2020-01-21 00:56:10 configure libgmp10:armhf 2:6.1.2+dfsg-1 <none>
2020-01-21 00:56:10 status unpacked libgmp10:armhf 2:6.1.2+dfsg-1
2020-01-21 00:56:10 status half-configured libgmp10:armhf 2:6.1.2+dfsg-1
2020-01-21 00:56:10 status installed libgmp10:armhf 2:6.1.2+dfsg-1
2020-01-21 00:56:10 configure libssh2-1:armhf 1.7.0-1+deb9u1 <none>
2020-01-21 00:56:10 status unpacked libssh2-1:armhf 1.7.0-1+deb9u1
2020-01-21 00:56:10 status half-configured libssh2-1:armhf 1.7.0-1+deb9u1
2020-01-21 00:56:11 status installed libssh2-1:armhf 1.7.0-1+deb9u1
2020-01-21 00:56:11 configure libunistring0:armhf 0.9.6+really0.9.3-0.1 <none>
2020-01-21 00:56:11 status unpacked libunistring0:armhf 0.9.6+really0.9.3-0.1
2020-01-21 00:56:11 status half-configured libunistring0:armhf 0.9.6+really0.9.3-0.1
2020-01-21 00:56:11 status installed libunistring0:armhf 0.9.6+really0.9.3-0.1
2020-01-21 00:56:11 configure debian-archive-keyring:all 2017.5+deb9u1 <none>
2020-01-21 00:56:11 status unpacked debian-archive-keyring:all 2017.5+deb9u1
2020-01-21 00:56:11 status unpacked debian-archive-keyring:all 2017.5+deb9u1
2020-01-21 00:56:11 status unpacked debian-archive-keyring:all 2017.5+deb9u1
2020-01-21 00:56:11 status unpacked debian-archive-keyring:all 2017.5+deb9u1
2020-01-21 00:56:11 status unpacked debian-archive-keyring:all 2017.5+deb9u1
2020-01-21 00:56:12 status unpacked debian-archive-keyring:all 2017.5+deb9u1
2020-01-21 00:56:12 status unpacked debian-archive-keyring:all 2017.5+deb9u1
2020-01-21 00:56:12 status unpacked debian-archive-keyring:all 2017.5+deb9u1
2020-01-21 00:56:12 status unpacked debian-archive-keyring:all 2017.5+deb9u1
2020-01-21 00:56:12 status unpacked debian-archive-keyring:all 2017.5+deb9u1
2020-01-21 00:56:12 status half-configured debian-archive-keyring:all 2017.5+deb9u1
2020-01-21 00:56:13 status installed debian-archive-keyring:all 2017.5+deb9u1
2020-01-21 00:56:13 configure libsqlite3-0:armhf 3.16.2-5+deb9u1 <none>
2020-01-21 00:56:13 status unpacked libsqlite3-0:armhf 3.16.2-5+deb9u1
2020-01-21 00:56:13 status half-configured libsqlite3-0:armhf 3.16.2-5+deb9u1
2020-01-21 00:56:13 status installed libsqlite3-0:armhf 3.16.2-5+deb9u1
2020-01-21 00:56:14 configure libstdc++6:armhf 6.3.0-18+deb9u1 <none>
2020-01-21 00:56:14 status unpacked libstdc++6:armhf 6.3.0-18+deb9u1
2020-01-21 00:56:14 status half-configured libstdc++6:armhf 6.3.0-18+deb9u1
2020-01-21 00:56:14 status installed libstdc++6:armhf 6.3.0-18+deb9u1
2020-01-21 00:56:14 configure libffi6:armhf 3.2.1-6 <none>
2020-01-21 00:56:14 status unpacked libffi6:armhf 3.2.1-6
2020-01-21 00:56:15 status half-configured libffi6:armhf 3.2.1-6
2020-01-21 00:56:15 status installed libffi6:armhf 3.2.1-6
2020-01-21 00:56:15 configure libkeyutils1:armhf 1.5.9-9 <none>
2020-01-21 00:56:15 status unpacked libkeyutils1:armhf 1.5.9-9
2020-01-21 00:56:15 status half-configured libkeyutils1:armhf 1.5.9-9
2020-01-21 00:56:15 status installed libkeyutils1:armhf 1.5.9-9
2020-01-21 00:56:16 configure adduser:all 3.115 <none>
2020-01-21 00:56:16 status unpacked adduser:all 3.115
2020-01-21 00:56:16 status unpacked adduser:all 3.115
2020-01-21 00:56:16 status half-configured adduser:all 3.115
2020-01-21 00:56:17 status installed adduser:all 3.115
2020-01-21 00:56:17 configure libassuan0:armhf 2.4.3-2 <none>
2020-01-21 00:56:17 status unpacked libassuan0:armhf 2.4.3-2
2020-01-21 00:56:17 status half-configured libassuan0:armhf 2.4.3-2
2020-01-21 00:56:17 status installed libassuan0:armhf 2.4.3-2
2020-01-21 00:56:17 configure libidn11:armhf 1.33-1 <none>
2020-01-21 00:56:17 status unpacked libidn11:armhf 1.33-1
2020-01-21 00:56:17 status half-configured libidn11:armhf 1.33-1
2020-01-21 00:56:17 status installed libidn11:armhf 1.33-1
2020-01-21 00:56:18 configure libapt-pkg5.0:armhf 1.4.9 <none>
2020-01-21 00:56:18 status unpacked libapt-pkg5.0:armhf 1.4.9
2020-01-21 00:56:18 status half-configured libapt-pkg5.0:armhf 1.4.9
2020-01-21 00:56:18 status installed libapt-pkg5.0:armhf 1.4.9
2020-01-21 00:56:18 configure libidn2-0:armhf 0.16-1+deb9u1 <none>
2020-01-21 00:56:18 status unpacked libidn2-0:armhf 0.16-1+deb9u1
2020-01-21 00:56:18 status half-configured libidn2-0:armhf 0.16-1+deb9u1
2020-01-21 00:56:18 status installed libidn2-0:armhf 0.16-1+deb9u1
2020-01-21 00:56:18 configure libpsl5:armhf 0.17.0-3 <none>
2020-01-21 00:56:18 status unpacked libpsl5:armhf 0.17.0-3
2020-01-21 00:56:18 status half-configured libpsl5:armhf 0.17.0-3
2020-01-21 00:56:19 status installed libpsl5:armhf 0.17.0-3
2020-01-21 00:56:19 configure libkrb5support0:armhf 1.15-1+deb9u1 <none>
2020-01-21 00:56:19 status unpacked libkrb5support0:armhf 1.15-1+deb9u1
2020-01-21 00:56:19 status half-configured libkrb5support0:armhf 1.15-1+deb9u1
2020-01-21 00:56:19 status installed libkrb5support0:armhf 1.15-1+deb9u1
2020-01-21 00:56:19 configure libhogweed4:armhf 3.3-1+b2 <none>
2020-01-21 00:56:19 status unpacked libhogweed4:armhf 3.3-1+b2
2020-01-21 00:56:19 status half-configured libhogweed4:armhf 3.3-1+b2
2020-01-21 00:56:20 status installed libhogweed4:armhf 3.3-1+b2
2020-01-21 00:56:20 configure libp11-kit0:armhf 0.23.3-2 <none>
2020-01-21 00:56:20 status unpacked libp11-kit0:armhf 0.23.3-2
2020-01-21 00:56:20 status half-configured libp11-kit0:armhf 0.23.3-2
2020-01-21 00:56:21 status installed libp11-kit0:armhf 0.23.3-2
2020-01-21 00:56:21 configure apt:armhf 1.4.9 <none>
2020-01-21 00:56:21 status unpacked apt:armhf 1.4.9
2020-01-21 00:56:21 status unpacked apt:armhf 1.4.9
2020-01-21 00:56:21 status unpacked apt:armhf 1.4.9
2020-01-21 00:56:21 status unpacked apt:armhf 1.4.9
2020-01-21 00:56:22 status unpacked apt:armhf 1.4.9
2020-01-21 00:56:22 status half-configured apt:armhf 1.4.9
2020-01-21 00:56:26 status installed apt:armhf 1.4.9
2020-01-21 00:56:26 configure pinentry-curses:armhf 1.0.0-2 <none>
2020-01-21 00:56:26 status unpacked pinentry-curses:armhf 1.0.0-2
2020-01-21 00:56:26 status half-configured pinentry-curses:armhf 1.0.0-2
2020-01-21 00:56:27 status installed pinentry-curses:armhf 1.0.0-2
2020-01-21 00:56:27 configure gnupg-agent:armhf 2.1.18-8~deb9u4 <none>
2020-01-21 00:56:27 status unpacked gnupg-agent:armhf 2.1.18-8~deb9u4
2020-01-21 00:56:27 status unpacked gnupg-agent:armhf 2.1.18-8~deb9u4
2020-01-21 00:56:27 status half-configured gnupg-agent:armhf 2.1.18-8~deb9u4
2020-01-21 00:56:27 status installed gnupg-agent:armhf 2.1.18-8~deb9u4
2020-01-21 00:56:28 configure libk5crypto3:armhf 1.15-1+deb9u1 <none>
2020-01-21 00:56:28 status unpacked libk5crypto3:armhf 1.15-1+deb9u1
2020-01-21 00:56:28 status half-configured libk5crypto3:armhf 1.15-1+deb9u1
2020-01-21 00:56:28 status installed libk5crypto3:armhf 1.15-1+deb9u1
2020-01-21 00:56:28 configure gnupg:armhf 2.1.18-8~deb9u4 <none>
2020-01-21 00:56:28 status unpacked gnupg:armhf 2.1.18-8~deb9u4
2020-01-21 00:56:28 status half-configured gnupg:armhf 2.1.18-8~deb9u4
2020-01-21 00:56:28 status installed gnupg:armhf 2.1.18-8~deb9u4
2020-01-21 00:56:28 configure libgnutls30:armhf 3.5.8-5+deb9u4 <none>
2020-01-21 00:56:28 status unpacked libgnutls30:armhf 3.5.8-5+deb9u4
2020-01-21 00:56:28 status half-configured libgnutls30:armhf 3.5.8-5+deb9u4
2020-01-21 00:56:29 status installed libgnutls30:armhf 3.5.8-5+deb9u4
2020-01-21 00:56:29 configure librtmp1:armhf 2.4+20151223.gitfa8646d.1-1+b1 <none>
2020-01-21 00:56:29 status unpacked librtmp1:armhf 2.4+20151223.gitfa8646d.1-1+b1
2020-01-21 00:56:29 status half-configured librtmp1:armhf 2.4+20151223.gitfa8646d.1-1+b1
2020-01-21 00:56:29 status installed librtmp1:armhf 2.4+20151223.gitfa8646d.1-1+b1
2020-01-21 00:56:29 configure libldap-2.4-2:armhf 2.4.44+dfsg-5+deb9u3 <none>
2020-01-21 00:56:29 status unpacked libldap-2.4-2:armhf 2.4.44+dfsg-5+deb9u3
2020-01-21 00:56:29 status half-configured libldap-2.4-2:armhf 2.4.44+dfsg-5+deb9u3
2020-01-21 00:56:29 status installed libldap-2.4-2:armhf 2.4.44+dfsg-5+deb9u3
2020-01-21 00:56:29 configure libkrb5-3:armhf 1.15-1+deb9u1 <none>
2020-01-21 00:56:29 status unpacked libkrb5-3:armhf 1.15-1+deb9u1
2020-01-21 00:56:30 status half-configured libkrb5-3:armhf 1.15-1+deb9u1
2020-01-21 00:56:30 status installed libkrb5-3:armhf 1.15-1+deb9u1
2020-01-21 00:56:30 configure libgssapi-krb5-2:armhf 1.15-1+deb9u1 <none>
2020-01-21 00:56:30 status unpacked libgssapi-krb5-2:armhf 1.15-1+deb9u1
2020-01-21 00:56:30 status unpacked libgssapi-krb5-2:armhf 1.15-1+deb9u1
2020-01-21 00:56:30 status half-configured libgssapi-krb5-2:armhf 1.15-1+deb9u1
2020-01-21 00:56:30 status installed libgssapi-krb5-2:armhf 1.15-1+deb9u1
2020-01-21 00:56:30 configure libcurl3-gnutls:armhf 7.52.1-5+deb9u9 <none>
2020-01-21 00:56:30 status unpacked libcurl3-gnutls:armhf 7.52.1-5+deb9u9
2020-01-21 00:56:31 status half-configured libcurl3-gnutls:armhf 7.52.1-5+deb9u9
2020-01-21 00:56:31 status installed libcurl3-gnutls:armhf 7.52.1-5+deb9u9
2020-01-21 00:56:31 configure apt-transport-https:armhf 1.4.9 <none>
2020-01-21 00:56:31 status unpacked apt-transport-https:armhf 1.4.9
2020-01-21 00:56:31 status half-configured apt-transport-https:armhf 1.4.9
2020-01-21 00:56:31 status installed apt-transport-https:armhf 1.4.9
2020-01-21 00:56:31 trigproc libc-bin:armhf 2.24-11+deb9u4 <none>
2020-01-21 00:56:31 status half-configured libc-bin:armhf 2.24-11+deb9u4
2020-01-21 00:56:32 status installed libc-bin:armhf 2.24-11+deb9u4
